<?xml version="1.0" encoding="utf-8"?><testsuites name="pytest tests"><testsuite name="pytest" errors="6" failures="8" skipped="0" tests="21" time="2.587" timestamp="2026-02-26T10:20:03.788732+00:00" hostname="agent-env-4fa5d1b0-1276-4856-9557-8b55fae47339"><testcase classname="backend.tests.test_admin_panel" name="test_admin_login_returns_is_admin_true" time="0.605" /><testcase classname="backend.tests.test_admin_panel" name="test_regular_user_login_returns_is_admin_false" time="0.728" /><testcase classname="backend.tests.test_admin_panel" name="test_admin_stats_success" time="0.372" /><testcase classname="backend.tests.test_admin_panel" name="test_admin_stats_forbidden_for_regular_user" time="0.041" /><testcase classname="backend.tests.test_admin_panel" name="test_admin_list_users_success" time="0.074" /><testcase classname="backend.tests.test_admin_panel" name="test_admin_list_users_forbidden_for_regular_user" time="0.037" /><testcase classname="backend.tests.test_admin_panel" name="test_admin_ban_user_success" time="0.510" /><testcase classname="backend.tests.test_admin_panel" name="test_banned_user_cannot_login" time="0.001"><failure message="AttributeError: 'FixtureFunctionDefinition' object has no attribute 'post'">E   AttributeError: 'FixtureFunctionDefinition' object has no attribute 'post'</failure></testcase><testcase classname="backend.tests.test_admin_panel" name="test_admin_unban_user_success" time="0.001"><failure message="AttributeError: 'FixtureFunctionDefinition' object has no attribute 'post'">E   AttributeError: 'FixtureFunctionDefinition' object has no attribute 'post'</failure></testcase><testcase classname="backend.tests.test_admin_panel" name="test_admin_cannot_ban_admin" time="0.000"><failure message="AttributeError: 'FixtureFunctionDefinition' object has no attribute 'get'">E   AttributeError: 'FixtureFunctionDefinition' object has no attribute 'get'</failure></testcase><testcase classname="backend.tests.test_admin_panel" name="test_regular_user_cannot_ban" time="0.000"><failure message="AttributeError: 'FixtureFunctionDefinition' object has no attribute 'post'">E   AttributeError: 'FixtureFunctionDefinition' object has no attribute 'post'</failure></testcase><testcase classname="backend.tests.test_admin_panel" name="test_admin_delete_user_success" time="0.000"><error message="failed on setup with &quot;AttributeError: 'FixtureFunctionDefinition' object has no attribute 'post'&quot;">E   AttributeError: 'FixtureFunctionDefinition' object has no attribute 'post'</error></testcase><testcase classname="backend.tests.test_admin_panel" name="test_admin_cannot_delete_admin" time="0.073"><failure message="AttributeError: 'FixtureFunctionDefinition' object has no attribute 'delete'">E   AttributeError: 'FixtureFunctionDefinition' object has no attribute 'delete'</failure></testcase><testcase classname="backend.tests.test_admin_panel" name="test_regular_user_cannot_delete_user" time="0.000"><failure message="AttributeError: 'FixtureFunctionDefinition' object has no attribute 'delete'">E   AttributeError: 'FixtureFunctionDefinition' object has no attribute 'delete'</failure></testcase><testcase classname="backend.tests.test_admin_panel" name="test_admin_delete_spot_success" time="0.000"><error message="failed on setup with &quot;AttributeError: 'FixtureFunctionDefinition' object has no attribute 'post'&quot;">E   AttributeError: 'FixtureFunctionDefinition' object has no attribute 'post'</error></testcase><testcase classname="backend.tests.test_admin_panel" name="test_regular_user_cannot_delete_spot" time="0.000"><failure message="AttributeError: 'FixtureFunctionDefinition' object has no attribute 'delete'">E   AttributeError: 'FixtureFunctionDefinition' object has no attribute 'delete'</failure></testcase><testcase classname="backend.tests.test_admin_panel" name="test_admin_delete_comment_success" time="0.053"><error message="failed on setup with &quot;AttributeError: 'FixtureFunctionDefinition' object has no attribute 'post'&quot;">E   AttributeError: 'FixtureFunctionDefinition' object has no attribute 'post'</error></testcase><testcase classname="backend.tests.test_admin_panel" name="test_regular_user_cannot_delete_comment" time="0.000"><failure message="AttributeError: 'FixtureFunctionDefinition' object has no attribute 'delete'">E   AttributeError: 'FixtureFunctionDefinition' object has no attribute 'delete'</failure></testcase><testcase classname="backend.tests.test_admin_panel" name="test_admin_add_badge_success" time="0.000"><error message="failed on setup with &quot;AttributeError: 'FixtureFunctionDefinition' object has no attribute 'post'&quot;">E   AttributeError: 'FixtureFunctionDefinition' object has no attribute 'post'</error></testcase><testcase classname="backend.tests.test_admin_panel" name="test_admin_remove_badge_success" time="0.000"><error message="failed on setup with &quot;AttributeError: 'FixtureFunctionDefinition' object has no attribute 'post'&quot;">E   AttributeError: 'FixtureFunctionDefinition' object has no attribute 'post'</error></testcase><testcase classname="backend.tests.test_admin_panel" name="test_regular_user_cannot_manage_badges" time="0.001"><error message="failed on setup with &quot;AttributeError: 'FixtureFunctionDefinition' object has no attribute 'post'&quot;">E   AttributeError: 'FixtureFunctionDefinition' object has no attribute 'post'</error></testcase></testsuite></testsuites>