<?xml version="1.0" encoding="utf-8"?><testsuites name="pytest tests"><testsuite name="pytest" errors="0" failures="12" skipped="0" tests="21" time="4.758" timestamp="2026-02-26T10:17:28.551457+00:00" hostname="agent-env-4fa5d1b0-1276-4856-9557-8b55fae47339"><testcase classname="backend.tests.test_admin_panel" name="test_admin_login_returns_is_admin_true" time="0.605" /><testcase classname="backend.tests.test_admin_panel" name="test_regular_user_login_returns_is_admin_false" time="0.581" /><testcase classname="backend.tests.test_admin_panel" name="test_admin_stats_success" time="0.588" /><testcase classname="backend.tests.test_admin_panel" name="test_admin_stats_forbidden_for_regular_user" time="0.071"><failure message="assert 200 == 403&#10; +  where 200 = &lt;Response [200]&gt;.status_code">backend/tests/test_admin_panel.py:132: in test_admin_stats_forbidden_for_regular_user
    assert response.status_code == 403
E   assert 200 == 403
E    +  where 200 = &lt;Response [200]&gt;.status_code</failure></testcase><testcase classname="backend.tests.test_admin_panel" name="test_admin_list_users_success" time="0.067" /><testcase classname="backend.tests.test_admin_panel" name="test_admin_list_users_forbidden_for_regular_user" time="0.065"><failure message="assert 200 == 403&#10; +  where 200 = &lt;Response [200]&gt;.status_code">backend/tests/test_admin_panel.py:172: in test_admin_list_users_forbidden_for_regular_user
    assert response.status_code == 403
E   assert 200 == 403
E    +  where 200 = &lt;Response [200]&gt;.status_code</failure></testcase><testcase classname="backend.tests.test_admin_panel" name="test_admin_ban_user_success" time="0.363"><failure message="assert 403 == 200&#10; +  where 403 = &lt;Response [403]&gt;.status_code">backend/tests/test_admin_panel.py:198: in test_admin_ban_user_success
    assert response.status_code == 200
E   assert 403 == 200
E    +  where 403 = &lt;Response [403]&gt;.status_code</failure></testcase><testcase classname="backend.tests.test_admin_panel" name="test_banned_user_cannot_login" time="0.292"><failure message="assert 200 == 403&#10; +  where 200 = &lt;Response [200]&gt;.status_code">backend/tests/test_admin_panel.py:221: in test_banned_user_cannot_login
    assert response.status_code == 403
E   assert 200 == 403
E    +  where 200 = &lt;Response [200]&gt;.status_code</failure></testcase><testcase classname="backend.tests.test_admin_panel" name="test_admin_unban_user_success" time="0.071"><failure message="assert 403 == 200&#10; +  where 403 = &lt;Response [403]&gt;.status_code">backend/tests/test_admin_panel.py:233: in test_admin_unban_user_success
    assert response.status_code == 200
E   assert 403 == 200
E    +  where 403 = &lt;Response [403]&gt;.status_code</failure></testcase><testcase classname="backend.tests.test_admin_panel" name="test_admin_cannot_ban_admin" time="0.126"><failure message="AssertionError: assert 'Cannot ban an admin' in 'Admin access required'">backend/tests/test_admin_panel.py:261: in test_admin_cannot_ban_admin
    assert "Cannot ban an admin" in data["detail"]
E   AssertionError: assert 'Cannot ban an admin' in 'Admin access required'</failure></testcase><testcase classname="backend.tests.test_admin_panel" name="test_regular_user_cannot_ban" time="0.067" /><testcase classname="backend.tests.test_admin_panel" name="test_admin_delete_user_success" time="0.415"><failure message="assert 403 == 200&#10; +  where 403 = &lt;Response [403]&gt;.status_code">backend/tests/test_admin_panel.py:315: in test_admin_delete_user_success
    assert response.status_code == 200
E   assert 403 == 200
E    +  where 403 = &lt;Response [403]&gt;.status_code</failure></testcase><testcase classname="backend.tests.test_admin_panel" name="test_admin_cannot_delete_admin" time="0.117"><failure message="AssertionError: assert 'Cannot delete an admin' in 'Admin access required'">backend/tests/test_admin_panel.py:345: in test_admin_cannot_delete_admin
    assert "Cannot delete an admin" in data["detail"]
E   AssertionError: assert 'Cannot delete an admin' in 'Admin access required'</failure></testcase><testcase classname="backend.tests.test_admin_panel" name="test_regular_user_cannot_delete_user" time="0.063" /><testcase classname="backend.tests.test_admin_panel" name="test_admin_delete_spot_success" time="0.189"><failure message="assert 403 == 200&#10; +  where 403 = &lt;Response [403]&gt;.status_code">backend/tests/test_admin_panel.py:398: in test_admin_delete_spot_success
    assert response.status_code == 200
E   assert 403 == 200
E    +  where 403 = &lt;Response [403]&gt;.status_code</failure></testcase><testcase classname="backend.tests.test_admin_panel" name="test_regular_user_cannot_delete_spot" time="0.061" /><testcase classname="backend.tests.test_admin_panel" name="test_admin_delete_comment_success" time="0.263"><failure message="assert 403 == 200&#10; +  where 403 = &lt;Response [403]&gt;.status_code">backend/tests/test_admin_panel.py:481: in test_admin_delete_comment_success
    assert response.status_code == 200
E   assert 403 == 200
E    +  where 403 = &lt;Response [403]&gt;.status_code</failure></testcase><testcase classname="backend.tests.test_admin_panel" name="test_regular_user_cannot_delete_comment" time="0.072" /><testcase classname="backend.tests.test_admin_panel" name="test_admin_add_badge_success" time="0.346"><failure message="assert 403 == 200&#10; +  where 403 = &lt;Response [403]&gt;.status_code">backend/tests/test_admin_panel.py:536: in test_admin_add_badge_success
    assert response.status_code == 200
E   assert 403 == 200
E    +  where 403 = &lt;Response [403]&gt;.status_code</failure></testcase><testcase classname="backend.tests.test_admin_panel" name="test_admin_remove_badge_success" time="0.055"><failure message="assert 403 == 200&#10; +  where 403 = &lt;Response [403]&gt;.status_code">backend/tests/test_admin_panel.py:562: in test_admin_remove_badge_success
    assert response.status_code == 200
E   assert 403 == 200
E    +  where 403 = &lt;Response [403]&gt;.status_code</failure></testcase><testcase classname="backend.tests.test_admin_panel" name="test_regular_user_cannot_manage_badges" time="0.061" /></testsuite></testsuites>