<?xml version="1.0" encoding="utf-8"?><testsuites name="pytest tests"><testsuite name="pytest" errors="0" failures="2" skipped="0" tests="21" time="12.136" timestamp="2026-02-26T08:54:33.532784+00:00" hostname="agent-env-4fa5d1b0-1276-4856-9557-8b55fae47339"><testcase classname="tests.test_street_os_api" name="test_health_check" time="0.624" /><testcase classname="tests.test_street_os_api" name="test_register_new_user" time="0.628" /><testcase classname="tests.test_street_os_api" name="test_register_duplicate_email" time="1.004" /><testcase classname="tests.test_street_os_api" name="test_login_success" time="0.600" /><testcase classname="tests.test_street_os_api" name="test_login_invalid_credentials" time="0.591" /><testcase classname="tests.test_street_os_api" name="test_auth_me" time="0.375" /><testcase classname="tests.test_street_os_api" name="test_auth_me_no_token" time="0.369"><failure message="assert 200 == 401&#10; +  where 200 = &lt;Response [200]&gt;.status_code">tests/test_street_os_api.py:135: in test_auth_me_no_token
    assert response.status_code == 401
E   assert 200 == 401
E    +  where 200 = &lt;Response [200]&gt;.status_code</failure></testcase><testcase classname="tests.test_street_os_api" name="test_create_spot" time="0.819" /><testcase classname="tests.test_street_os_api" name="test_get_spots_feed" time="0.375" /><testcase classname="tests.test_street_os_api" name="test_get_single_spot" time="0.737" /><testcase classname="tests.test_street_os_api" name="test_get_nonexistent_spot" time="0.395" /><testcase classname="tests.test_street_os_api" name="test_like_spot" time="0.745" /><testcase classname="tests.test_street_os_api" name="test_unlike_spot" time="0.709"><failure message="assert True == False">tests/test_street_os_api.py:281: in test_unlike_spot
    assert data["liked"] == False
E   assert True == False</failure></testcase><testcase classname="tests.test_street_os_api" name="test_add_comment" time="0.752" /><testcase classname="tests.test_street_os_api" name="test_get_comments" time="0.354" /><testcase classname="tests.test_street_os_api" name="test_add_comment_to_nonexistent_spot" time="0.376" /><testcase classname="tests.test_street_os_api" name="test_get_leaderboard" time="0.358" /><testcase classname="tests.test_street_os_api" name="test_get_profile" time="0.728" /><testcase classname="tests.test_street_os_api" name="test_get_nonexistent_profile" time="0.374" /><testcase classname="tests.test_street_os_api" name="test_get_badges" time="0.371" /><testcase classname="tests.test_street_os_api" name="test_get_user_spots" time="0.747" /></testsuite></testsuites>